{"contracts/ManualToken.sol":{"l":{"44":0,"45":0,"46":0,"47":0,"59":0,"61":0,"63":0,"65":0,"67":0,"69":0,"70":0,"72":0,"84":0,"85":0,"102":0,"103":0,"104":0,"105":0,"117":0,"118":0,"119":0,"136":0,"137":0,"138":0,"139":0,"151":0,"152":0,"153":0,"154":0,"155":0,"167":0,"168":0,"169":0,"170":0,"171":0,"172":0,"173":0},"path":"/Users/liguanwenhua/hardhat-eth/hardhat-erc20/contracts/ManualToken.sol","s":{"1":0,"2":0,"3":0,"4":0,"5":0,"6":0,"7":0,"8":0,"9":0,"10":0,"11":0,"12":0,"13":0,"14":0,"15":0,"16":0,"17":0,"18":0,"19":0,"20":0,"21":0,"22":0,"23":0,"24":0,"25":0,"26":0,"27":0,"28":0,"29":0,"30":0,"31":0,"32":0,"33":0,"34":0,"35":0,"36":0,"37":0},"b":{"1":[0,0],"2":[0,0],"3":[0,0],"4":[0,0],"5":[0,0],"6":[0,0],"7":[0,0],"8":[0,0]},"f":{"1":0,"2":0,"3":0,"4":0,"5":0,"6":0,"7":0,"8":0},"fnMap":{"1":{"name":"constructor","line":39,"loc":{"start":{"line":39,"column":4},"end":{"line":48,"column":4}}},"2":{"name":"_transfer","line":53,"loc":{"start":{"line":53,"column":4},"end":{"line":73,"column":4}}},"3":{"name":"transfer","line":83,"loc":{"start":{"line":83,"column":4},"end":{"line":86,"column":4}}},"4":{"name":"transferFrom","line":97,"loc":{"start":{"line":97,"column":4},"end":{"line":106,"column":4}}},"5":{"name":"approve","line":116,"loc":{"start":{"line":116,"column":4},"end":{"line":120,"column":4}}},"6":{"name":"approveAndCall","line":131,"loc":{"start":{"line":131,"column":4},"end":{"line":141,"column":4}}},"7":{"name":"burn","line":150,"loc":{"start":{"line":150,"column":4},"end":{"line":156,"column":4}}},"8":{"name":"burnFrom","line":166,"loc":{"start":{"line":166,"column":4},"end":{"line":174,"column":4}}}},"statementMap":{"1":{"start":{"line":44,"column":8},"end":{"line":44,"column":58}},"2":{"start":{"line":45,"column":8},"end":{"line":45,"column":42}},"3":{"start":{"line":46,"column":8},"end":{"line":46,"column":23}},"4":{"start":{"line":47,"column":8},"end":{"line":47,"column":27}},"5":{"start":{"line":59,"column":8},"end":{"line":59,"column":35}},"6":{"start":{"line":61,"column":8},"end":{"line":61,"column":42}},"7":{"start":{"line":63,"column":8},"end":{"line":63,"column":57}},"8":{"start":{"line":65,"column":8},"end":{"line":65,"column":68}},"9":{"start":{"line":67,"column":8},"end":{"line":67,"column":33}},"10":{"start":{"line":69,"column":8},"end":{"line":69,"column":31}},"11":{"start":{"line":70,"column":8},"end":{"line":70,"column":41}},"12":{"start":{"line":72,"column":8},"end":{"line":72,"column":68}},"13":{"start":{"line":84,"column":8},"end":{"line":84,"column":41}},"14":{"start":{"line":85,"column":8},"end":{"line":85,"column":19}},"15":{"start":{"line":102,"column":8},"end":{"line":102,"column":54}},"16":{"start":{"line":103,"column":8},"end":{"line":103,"column":45}},"17":{"start":{"line":104,"column":8},"end":{"line":104,"column":36}},"18":{"start":{"line":105,"column":8},"end":{"line":105,"column":19}},"19":{"start":{"line":117,"column":8},"end":{"line":117,"column":47}},"20":{"start":{"line":118,"column":8},"end":{"line":118,"column":51}},"21":{"start":{"line":119,"column":8},"end":{"line":119,"column":19}},"22":{"start":{"line":136,"column":8},"end":{"line":136,"column":57}},"23":{"start":{"line":137,"column":8},"end":{"line":137,"column":4645}},"24":{"start":{"line":138,"column":12},"end":{"line":138,"column":81}},"25":{"start":{"line":139,"column":12},"end":{"line":139,"column":23}},"26":{"start":{"line":151,"column":8},"end":{"line":151,"column":47}},"27":{"start":{"line":152,"column":8},"end":{"line":152,"column":38}},"28":{"start":{"line":153,"column":8},"end":{"line":153,"column":28}},"29":{"start":{"line":154,"column":8},"end":{"line":154,"column":37}},"30":{"start":{"line":155,"column":8},"end":{"line":155,"column":19}},"31":{"start":{"line":167,"column":8},"end":{"line":167,"column":42}},"32":{"start":{"line":168,"column":8},"end":{"line":168,"column":54}},"33":{"start":{"line":169,"column":8},"end":{"line":169,"column":33}},"34":{"start":{"line":170,"column":8},"end":{"line":170,"column":45}},"35":{"start":{"line":171,"column":8},"end":{"line":171,"column":28}},"36":{"start":{"line":172,"column":8},"end":{"line":172,"column":32}},"37":{"start":{"line":173,"column":8},"end":{"line":173,"column":19}}},"branchMap":{"1":{"line":59,"type":"if","locations":[{"start":{"line":59,"column":8},"end":{"line":59,"column":8}},{"start":{"line":59,"column":8},"end":{"line":59,"column":8}}]},"2":{"line":61,"type":"if","locations":[{"start":{"line":61,"column":8},"end":{"line":61,"column":8}},{"start":{"line":61,"column":8},"end":{"line":61,"column":8}}]},"3":{"line":63,"type":"if","locations":[{"start":{"line":63,"column":8},"end":{"line":63,"column":8}},{"start":{"line":63,"column":8},"end":{"line":63,"column":8}}]},"4":{"line":102,"type":"if","locations":[{"start":{"line":102,"column":8},"end":{"line":102,"column":8}},{"start":{"line":102,"column":8},"end":{"line":102,"column":8}}]},"5":{"line":137,"type":"if","locations":[{"start":{"line":137,"column":8},"end":{"line":137,"column":8}},{"start":{"line":137,"column":8},"end":{"line":137,"column":8}}]},"6":{"line":151,"type":"if","locations":[{"start":{"line":151,"column":8},"end":{"line":151,"column":8}},{"start":{"line":151,"column":8},"end":{"line":151,"column":8}}]},"7":{"line":167,"type":"if","locations":[{"start":{"line":167,"column":8},"end":{"line":167,"column":8}},{"start":{"line":167,"column":8},"end":{"line":167,"column":8}}]},"8":{"line":168,"type":"if","locations":[{"start":{"line":168,"column":8},"end":{"line":168,"column":8}},{"start":{"line":168,"column":8},"end":{"line":168,"column":8}}]}}},"contracts/MetaToken.sol":{"l":{"28":0,"29":0,"40":0,"41":0,"42":0,"43":0,"44":0,"51":0,"59":0,"67":0,"74":0,"81":0,"88":0,"89":0,"90":0,"91":0,"92":0,"99":0,"100":0,"111":0,"112":0,"113":0,"114":0,"118":0,"119":0,"120":0,"124":0,"128":0,"129":0,"130":0,"134":0,"135":0,"136":0,"137":0,"138":0,"140":0,"148":0,"149":0,"150":0,"151":0,"152":0,"162":0,"163":0,"164":0,"176":0,"179":0,"180":0,"182":0,"183":0,"184":0,"186":0,"188":0,"190":0},"path":"/Users/liguanwenhua/hardhat-eth/hardhat-erc20/contracts/MetaToken.sol","s":{"1":0,"2":0,"3":0,"4":0,"5":0,"6":0,"7":0,"8":0,"9":0,"10":0,"11":0,"12":0,"13":0,"14":0,"15":0,"16":0,"17":0,"18":0,"19":0,"20":0,"21":0,"22":0,"23":0,"24":0,"25":0,"26":0,"27":0,"28":0,"29":0,"30":0,"31":0,"32":0,"33":0,"34":0,"35":0,"36":0,"37":0,"38":0,"39":0,"40":0,"41":0,"42":0,"43":0,"44":0,"45":0,"46":0,"47":0,"48":0,"49":0},"b":{"1":[0,0],"2":[0,0],"3":[0,0],"4":[0,0],"5":[0,0],"6":[0,0],"7":[0,0],"8":[0,0]},"f":{"1":0,"2":0,"3":0,"4":0,"5":0,"6":0,"7":0,"8":0,"9":0,"10":0,"11":0,"12":0,"13":0,"14":0,"15":0,"16":0,"17":0,"18":0,"19":0},"fnMap":{"1":{"name":"OnlyOwner","line":27,"loc":{"start":{"line":27,"column":4},"end":{"line":30,"column":4}}},"2":{"name":"constructor","line":35,"loc":{"start":{"line":35,"column":4},"end":{"line":45,"column":4}}},"3":{"name":"name","line":50,"loc":{"start":{"line":50,"column":4},"end":{"line":52,"column":4}}},"4":{"name":"symbol","line":58,"loc":{"start":{"line":58,"column":4},"end":{"line":60,"column":4}}},"5":{"name":"decimals","line":66,"loc":{"start":{"line":66,"column":4},"end":{"line":68,"column":4}}},"6":{"name":"totalSupply","line":73,"loc":{"start":{"line":73,"column":4},"end":{"line":75,"column":4}}},"7":{"name":"balanceOf","line":80,"loc":{"start":{"line":80,"column":4},"end":{"line":82,"column":4}}},"8":{"name":"_mint","line":87,"loc":{"start":{"line":87,"column":4},"end":{"line":93,"column":4}}},"9":{"name":"transfer","line":98,"loc":{"start":{"line":98,"column":4},"end":{"line":101,"column":4}}},"10":{"name":"transferFrom","line":106,"loc":{"start":{"line":106,"column":4},"end":{"line":115,"column":4}}},"11":{"name":"approve","line":117,"loc":{"start":{"line":117,"column":4},"end":{"line":121,"column":4}}},"12":{"name":"allowance","line":123,"loc":{"start":{"line":123,"column":4},"end":{"line":125,"column":4}}},"13":{"name":"increaseAllowance","line":127,"loc":{"start":{"line":127,"column":4},"end":{"line":131,"column":4}}},"14":{"name":"decreaseAllowance","line":133,"loc":{"start":{"line":133,"column":4},"end":{"line":141,"column":4}}},"15":{"name":"_spendAllowance","line":143,"loc":{"start":{"line":143,"column":4},"end":{"line":155,"column":4}}},"16":{"name":"_approve","line":157,"loc":{"start":{"line":157,"column":4},"end":{"line":165,"column":4}}},"17":{"name":"_transfer","line":170,"loc":{"start":{"line":170,"column":4},"end":{"line":191,"column":4}}},"18":{"name":"_beforeTokenTransfer","line":193,"loc":{"start":{"line":193,"column":4},"end":{"line":197,"column":16}}},"19":{"name":"_afterTokenTransfer","line":199,"loc":{"start":{"line":199,"column":4},"end":{"line":203,"column":16}}}},"statementMap":{"1":{"start":{"line":28,"column":8},"end":{"line":28,"column":53}},"2":{"start":{"line":40,"column":8},"end":{"line":40,"column":35}},"3":{"start":{"line":41,"column":8},"end":{"line":41,"column":26}},"4":{"start":{"line":42,"column":8},"end":{"line":42,"column":20}},"5":{"start":{"line":43,"column":8},"end":{"line":43,"column":24}},"6":{"start":{"line":44,"column":8},"end":{"line":44,"column":35}},"7":{"start":{"line":51,"column":8},"end":{"line":51,"column":20}},"8":{"start":{"line":59,"column":8},"end":{"line":59,"column":22}},"9":{"start":{"line":67,"column":8},"end":{"line":67,"column":24}},"10":{"start":{"line":74,"column":8},"end":{"line":74,"column":27}},"11":{"start":{"line":81,"column":8},"end":{"line":81,"column":32}},"12":{"start":{"line":88,"column":8},"end":{"line":88,"column":72}},"13":{"start":{"line":89,"column":8},"end":{"line":89,"column":56}},"14":{"start":{"line":90,"column":8},"end":{"line":90,"column":34}},"15":{"start":{"line":91,"column":8},"end":{"line":91,"column":50}},"16":{"start":{"line":92,"column":8},"end":{"line":92,"column":55}},"17":{"start":{"line":99,"column":8},"end":{"line":99,"column":40}},"18":{"start":{"line":100,"column":8},"end":{"line":100,"column":19}},"19":{"start":{"line":111,"column":8},"end":{"line":111,"column":36}},"20":{"start":{"line":112,"column":8},"end":{"line":112,"column":45}},"21":{"start":{"line":113,"column":8},"end":{"line":113,"column":34}},"22":{"start":{"line":114,"column":8},"end":{"line":114,"column":19}},"23":{"start":{"line":118,"column":8},"end":{"line":118,"column":34}},"24":{"start":{"line":119,"column":8},"end":{"line":119,"column":39}},"25":{"start":{"line":120,"column":8},"end":{"line":120,"column":19}},"26":{"start":{"line":124,"column":8},"end":{"line":124,"column":44}},"27":{"start":{"line":128,"column":8},"end":{"line":128,"column":34}},"28":{"start":{"line":129,"column":8},"end":{"line":129,"column":71}},"29":{"start":{"line":130,"column":8},"end":{"line":130,"column":19}},"30":{"start":{"line":134,"column":8},"end":{"line":134,"column":34}},"31":{"start":{"line":135,"column":8},"end":{"line":135,"column":60}},"32":{"start":{"line":136,"column":8},"end":{"line":136,"column":87}},"33":{"start":{"line":138,"column":12},"end":{"line":138,"column":66}},"34":{"start":{"line":140,"column":8},"end":{"line":140,"column":19}},"35":{"start":{"line":148,"column":8},"end":{"line":148,"column":60}},"36":{"start":{"line":149,"column":8},"end":{"line":149,"column":3974}},"37":{"start":{"line":150,"column":12},"end":{"line":150,"column":77}},"38":{"start":{"line":152,"column":16},"end":{"line":152,"column":66}},"39":{"start":{"line":162,"column":8},"end":{"line":162,"column":80}},"40":{"start":{"line":163,"column":8},"end":{"line":163,"column":43}},"41":{"start":{"line":164,"column":8},"end":{"line":164,"column":45}},"42":{"start":{"line":176,"column":8},"end":{"line":176,"column":74}},"43":{"start":{"line":179,"column":8},"end":{"line":179,"column":45}},"44":{"start":{"line":180,"column":8},"end":{"line":180,"column":44}},"45":{"start":{"line":182,"column":8},"end":{"line":182,"column":59}},"46":{"start":{"line":184,"column":12},"end":{"line":184,"column":48}},"47":{"start":{"line":186,"column":8},"end":{"line":186,"column":29}},"48":{"start":{"line":188,"column":8},"end":{"line":188,"column":39}},"49":{"start":{"line":190,"column":8},"end":{"line":190,"column":44}}},"branchMap":{"1":{"line":28,"type":"if","locations":[{"start":{"line":28,"column":8},"end":{"line":28,"column":8}},{"start":{"line":28,"column":8},"end":{"line":28,"column":8}}]},"2":{"line":88,"type":"if","locations":[{"start":{"line":88,"column":8},"end":{"line":88,"column":8}},{"start":{"line":88,"column":8},"end":{"line":88,"column":8}}]},"3":{"line":136,"type":"if","locations":[{"start":{"line":136,"column":8},"end":{"line":136,"column":8}},{"start":{"line":136,"column":8},"end":{"line":136,"column":8}}]},"4":{"line":149,"type":"if","locations":[{"start":{"line":149,"column":8},"end":{"line":149,"column":8}},{"start":{"line":149,"column":8},"end":{"line":149,"column":8}}]},"5":{"line":150,"type":"if","locations":[{"start":{"line":150,"column":12},"end":{"line":150,"column":12}},{"start":{"line":150,"column":12},"end":{"line":150,"column":12}}]},"6":{"line":162,"type":"if","locations":[{"start":{"line":162,"column":8},"end":{"line":162,"column":8}},{"start":{"line":162,"column":8},"end":{"line":162,"column":8}}]},"7":{"line":176,"type":"if","locations":[{"start":{"line":176,"column":8},"end":{"line":176,"column":8}},{"start":{"line":176,"column":8},"end":{"line":176,"column":8}}]},"8":{"line":182,"type":"if","locations":[{"start":{"line":182,"column":8},"end":{"line":182,"column":8}},{"start":{"line":182,"column":8},"end":{"line":182,"column":8}}]}}},"contracts/OurToken.sol":{"l":{"13":0,"14":0,"18":0},"path":"/Users/liguanwenhua/hardhat-eth/hardhat-erc20/contracts/OurToken.sol","s":{"1":0,"2":0},"b":{"1":[0,0]},"f":{"1":0,"2":0},"fnMap":{"1":{"name":"onlyOwner","line":12,"loc":{"start":{"line":12,"column":4},"end":{"line":15,"column":4}}},"2":{"name":"constructor","line":17,"loc":{"start":{"line":17,"column":4},"end":{"line":19,"column":4}}}},"statementMap":{"1":{"start":{"line":13,"column":8},"end":{"line":13,"column":54}},"2":{"start":{"line":18,"column":8},"end":{"line":18,"column":27}}},"branchMap":{"1":{"line":13,"type":"if","locations":[{"start":{"line":13,"column":8},"end":{"line":13,"column":8}},{"start":{"line":13,"column":8},"end":{"line":13,"column":8}}]}}},"contracts/VersusToken.sol":{"l":{"28":6,"29":5,"41":3,"42":3,"43":3,"44":3,"51":1,"59":1,"67":0,"74":4,"81":5,"85":2,"86":2,"87":2,"94":3,"95":3,"96":3,"97":3,"98":3,"99":3,"106":2,"107":1,"118":0,"119":0,"120":0,"121":0,"125":1,"126":1,"127":1,"131":1,"135":0,"136":0,"137":0,"141":0,"142":0,"143":0,"144":0,"145":0,"147":0,"155":0,"156":0,"157":0,"158":0,"159":0,"169":1,"170":1,"171":1,"183":2,"186":2,"187":2,"189":2,"190":1,"191":1,"193":1,"195":1,"197":1},"path":"/Users/liguanwenhua/hardhat-eth/hardhat-erc20/contracts/VersusToken.sol","s":{"1":6,"2":3,"3":3,"4":3,"5":3,"6":1,"7":1,"8":0,"9":4,"10":5,"11":2,"12":2,"13":2,"14":3,"15":3,"16":3,"17":3,"18":3,"19":3,"20":2,"21":1,"22":0,"23":0,"24":0,"25":0,"26":1,"27":1,"28":1,"29":1,"30":0,"31":0,"32":0,"33":0,"34":0,"35":0,"36":0,"37":0,"38":0,"39":0,"40":0,"41":0,"42":1,"43":1,"44":1,"45":2,"46":2,"47":2,"48":2,"49":1,"50":1,"51":1,"52":1},"b":{"1":[1,5],"2":[3,0],"3":[0,0],"4":[0,0],"5":[0,0],"6":[0,1],"7":[0,2],"8":[1,1]},"f":{"1":6,"2":3,"3":1,"4":1,"5":0,"6":4,"7":5,"8":2,"9":3,"10":2,"11":0,"12":1,"13":1,"14":0,"15":0,"16":0,"17":1,"18":2,"19":5,"20":4},"fnMap":{"1":{"name":"OnlyOwner","line":27,"loc":{"start":{"line":27,"column":4},"end":{"line":30,"column":4}}},"2":{"name":"constructor","line":35,"loc":{"start":{"line":35,"column":4},"end":{"line":45,"column":4}}},"3":{"name":"name","line":50,"loc":{"start":{"line":50,"column":4},"end":{"line":52,"column":4}}},"4":{"name":"symbol","line":58,"loc":{"start":{"line":58,"column":4},"end":{"line":60,"column":4}}},"5":{"name":"decimals","line":66,"loc":{"start":{"line":66,"column":4},"end":{"line":68,"column":4}}},"6":{"name":"totalSupply","line":73,"loc":{"start":{"line":73,"column":4},"end":{"line":75,"column":4}}},"7":{"name":"balanceOf","line":80,"loc":{"start":{"line":80,"column":4},"end":{"line":82,"column":4}}},"8":{"name":"mint","line":84,"loc":{"start":{"line":84,"column":4},"end":{"line":88,"column":4}}},"9":{"name":"_mint","line":93,"loc":{"start":{"line":93,"column":4},"end":{"line":100,"column":4}}},"10":{"name":"transfer","line":105,"loc":{"start":{"line":105,"column":4},"end":{"line":108,"column":4}}},"11":{"name":"transferFrom","line":113,"loc":{"start":{"line":113,"column":4},"end":{"line":122,"column":4}}},"12":{"name":"approve","line":124,"loc":{"start":{"line":124,"column":4},"end":{"line":128,"column":4}}},"13":{"name":"allowance","line":130,"loc":{"start":{"line":130,"column":4},"end":{"line":132,"column":4}}},"14":{"name":"increaseAllowance","line":134,"loc":{"start":{"line":134,"column":4},"end":{"line":138,"column":4}}},"15":{"name":"decreaseAllowance","line":140,"loc":{"start":{"line":140,"column":4},"end":{"line":148,"column":4}}},"16":{"name":"_spendAllowance","line":150,"loc":{"start":{"line":150,"column":4},"end":{"line":162,"column":4}}},"17":{"name":"_approve","line":164,"loc":{"start":{"line":164,"column":4},"end":{"line":172,"column":4}}},"18":{"name":"_transfer","line":177,"loc":{"start":{"line":177,"column":4},"end":{"line":198,"column":4}}},"19":{"name":"_beforeTokenTransfer","line":200,"loc":{"start":{"line":200,"column":4},"end":{"line":204,"column":16}}},"20":{"name":"_afterTokenTransfer","line":206,"loc":{"start":{"line":206,"column":4},"end":{"line":210,"column":16}}}},"statementMap":{"1":{"start":{"line":28,"column":8},"end":{"line":28,"column":53}},"2":{"start":{"line":41,"column":8},"end":{"line":41,"column":26}},"3":{"start":{"line":42,"column":8},"end":{"line":42,"column":20}},"4":{"start":{"line":43,"column":8},"end":{"line":43,"column":24}},"5":{"start":{"line":44,"column":8},"end":{"line":44,"column":35}},"6":{"start":{"line":51,"column":8},"end":{"line":51,"column":20}},"7":{"start":{"line":59,"column":8},"end":{"line":59,"column":22}},"8":{"start":{"line":67,"column":8},"end":{"line":67,"column":24}},"9":{"start":{"line":74,"column":8},"end":{"line":74,"column":27}},"10":{"start":{"line":81,"column":8},"end":{"line":81,"column":32}},"11":{"start":{"line":85,"column":8},"end":{"line":85,"column":29}},"12":{"start":{"line":86,"column":8},"end":{"line":86,"column":33}},"13":{"start":{"line":87,"column":8},"end":{"line":87,"column":49}},"14":{"start":{"line":94,"column":8},"end":{"line":94,"column":72}},"15":{"start":{"line":95,"column":8},"end":{"line":95,"column":56}},"16":{"start":{"line":96,"column":8},"end":{"line":96,"column":29}},"17":{"start":{"line":97,"column":8},"end":{"line":97,"column":34}},"18":{"start":{"line":98,"column":8},"end":{"line":98,"column":50}},"19":{"start":{"line":99,"column":8},"end":{"line":99,"column":55}},"20":{"start":{"line":106,"column":8},"end":{"line":106,"column":40}},"21":{"start":{"line":107,"column":8},"end":{"line":107,"column":19}},"22":{"start":{"line":118,"column":8},"end":{"line":118,"column":36}},"23":{"start":{"line":119,"column":8},"end":{"line":119,"column":45}},"24":{"start":{"line":120,"column":8},"end":{"line":120,"column":34}},"25":{"start":{"line":121,"column":8},"end":{"line":121,"column":19}},"26":{"start":{"line":125,"column":8},"end":{"line":125,"column":34}},"27":{"start":{"line":126,"column":8},"end":{"line":126,"column":39}},"28":{"start":{"line":127,"column":8},"end":{"line":127,"column":19}},"29":{"start":{"line":131,"column":8},"end":{"line":131,"column":44}},"30":{"start":{"line":135,"column":8},"end":{"line":135,"column":34}},"31":{"start":{"line":136,"column":8},"end":{"line":136,"column":71}},"32":{"start":{"line":137,"column":8},"end":{"line":137,"column":19}},"33":{"start":{"line":141,"column":8},"end":{"line":141,"column":34}},"34":{"start":{"line":142,"column":8},"end":{"line":142,"column":60}},"35":{"start":{"line":143,"column":8},"end":{"line":143,"column":87}},"36":{"start":{"line":145,"column":12},"end":{"line":145,"column":66}},"37":{"start":{"line":147,"column":8},"end":{"line":147,"column":19}},"38":{"start":{"line":155,"column":8},"end":{"line":155,"column":60}},"39":{"start":{"line":156,"column":8},"end":{"line":156,"column":4179}},"40":{"start":{"line":157,"column":12},"end":{"line":157,"column":77}},"41":{"start":{"line":159,"column":16},"end":{"line":159,"column":66}},"42":{"start":{"line":169,"column":8},"end":{"line":169,"column":80}},"43":{"start":{"line":170,"column":8},"end":{"line":170,"column":43}},"44":{"start":{"line":171,"column":8},"end":{"line":171,"column":45}},"45":{"start":{"line":183,"column":8},"end":{"line":183,"column":74}},"46":{"start":{"line":186,"column":8},"end":{"line":186,"column":45}},"47":{"start":{"line":187,"column":8},"end":{"line":187,"column":44}},"48":{"start":{"line":189,"column":8},"end":{"line":189,"column":59}},"49":{"start":{"line":191,"column":12},"end":{"line":191,"column":48}},"50":{"start":{"line":193,"column":8},"end":{"line":193,"column":29}},"51":{"start":{"line":195,"column":8},"end":{"line":195,"column":39}},"52":{"start":{"line":197,"column":8},"end":{"line":197,"column":44}}},"branchMap":{"1":{"line":28,"type":"if","locations":[{"start":{"line":28,"column":8},"end":{"line":28,"column":8}},{"start":{"line":28,"column":8},"end":{"line":28,"column":8}}]},"2":{"line":94,"type":"if","locations":[{"start":{"line":94,"column":8},"end":{"line":94,"column":8}},{"start":{"line":94,"column":8},"end":{"line":94,"column":8}}]},"3":{"line":143,"type":"if","locations":[{"start":{"line":143,"column":8},"end":{"line":143,"column":8}},{"start":{"line":143,"column":8},"end":{"line":143,"column":8}}]},"4":{"line":156,"type":"if","locations":[{"start":{"line":156,"column":8},"end":{"line":156,"column":8}},{"start":{"line":156,"column":8},"end":{"line":156,"column":8}}]},"5":{"line":157,"type":"if","locations":[{"start":{"line":157,"column":12},"end":{"line":157,"column":12}},{"start":{"line":157,"column":12},"end":{"line":157,"column":12}}]},"6":{"line":169,"type":"if","locations":[{"start":{"line":169,"column":8},"end":{"line":169,"column":8}},{"start":{"line":169,"column":8},"end":{"line":169,"column":8}}]},"7":{"line":183,"type":"if","locations":[{"start":{"line":183,"column":8},"end":{"line":183,"column":8}},{"start":{"line":183,"column":8},"end":{"line":183,"column":8}}]},"8":{"line":189,"type":"if","locations":[{"start":{"line":189,"column":8},"end":{"line":189,"column":8}},{"start":{"line":189,"column":8},"end":{"line":189,"column":8}}]}}}}