TN:
SF:/Users/liguanwenhua/hardhat-eth/hardhat-erc20/contracts/ManualToken.sol
FN:39,constructor
FN:53,_transfer
FN:83,transfer
FN:97,transferFrom
FN:116,approve
FN:131,approveAndCall
FN:150,burn
FN:166,burnFrom
FNF:8
FNH:0
FNDA:0,constructor
FNDA:0,_transfer
FNDA:0,transfer
FNDA:0,transferFrom
FNDA:0,approve
FNDA:0,approveAndCall
FNDA:0,burn
FNDA:0,burnFrom
DA:44,0
DA:45,0
DA:46,0
DA:47,0
DA:59,0
DA:61,0
DA:63,0
DA:65,0
DA:67,0
DA:69,0
DA:70,0
DA:72,0
DA:84,0
DA:85,0
DA:102,0
DA:103,0
DA:104,0
DA:105,0
DA:117,0
DA:118,0
DA:119,0
DA:136,0
DA:137,0
DA:138,0
DA:139,0
DA:151,0
DA:152,0
DA:153,0
DA:154,0
DA:155,0
DA:167,0
DA:168,0
DA:169,0
DA:170,0
DA:171,0
DA:172,0
DA:173,0
LF:37
LH:0
BRDA:59,1,0,0
BRDA:59,1,1,0
BRDA:61,2,0,0
BRDA:61,2,1,0
BRDA:63,3,0,0
BRDA:63,3,1,0
BRDA:102,4,0,0
BRDA:102,4,1,0
BRDA:137,5,0,0
BRDA:137,5,1,0
BRDA:151,6,0,0
BRDA:151,6,1,0
BRDA:167,7,0,0
BRDA:167,7,1,0
BRDA:168,8,0,0
BRDA:168,8,1,0
BRF:16
BRH:0
end_of_record
TN:
SF:/Users/liguanwenhua/hardhat-eth/hardhat-erc20/contracts/MetaToken.sol
FN:27,OnlyOwner
FN:35,constructor
FN:50,name
FN:58,symbol
FN:66,decimals
FN:73,totalSupply
FN:80,balanceOf
FN:87,_mint
FN:98,transfer
FN:106,transferFrom
FN:117,approve
FN:123,allowance
FN:127,increaseAllowance
FN:133,decreaseAllowance
FN:143,_spendAllowance
FN:157,_approve
FN:170,_transfer
FN:193,_beforeTokenTransfer
FN:199,_afterTokenTransfer
FNF:19
FNH:0
FNDA:0,OnlyOwner
FNDA:0,constructor
FNDA:0,name
FNDA:0,symbol
FNDA:0,decimals
FNDA:0,totalSupply
FNDA:0,balanceOf
FNDA:0,_mint
FNDA:0,transfer
FNDA:0,transferFrom
FNDA:0,approve
FNDA:0,allowance
FNDA:0,increaseAllowance
FNDA:0,decreaseAllowance
FNDA:0,_spendAllowance
FNDA:0,_approve
FNDA:0,_transfer
FNDA:0,_beforeTokenTransfer
FNDA:0,_afterTokenTransfer
DA:28,0
DA:29,0
DA:40,0
DA:41,0
DA:42,0
DA:43,0
DA:44,0
DA:51,0
DA:59,0
DA:67,0
DA:74,0
DA:81,0
DA:88,0
DA:89,0
DA:90,0
DA:91,0
DA:92,0
DA:99,0
DA:100,0
DA:111,0
DA:112,0
DA:113,0
DA:114,0
DA:118,0
DA:119,0
DA:120,0
DA:124,0
DA:128,0
DA:129,0
DA:130,0
DA:134,0
DA:135,0
DA:136,0
DA:137,0
DA:138,0
DA:140,0
DA:148,0
DA:149,0
DA:150,0
DA:151,0
DA:152,0
DA:162,0
DA:163,0
DA:164,0
DA:176,0
DA:179,0
DA:180,0
DA:182,0
DA:183,0
DA:184,0
DA:186,0
DA:188,0
DA:190,0
LF:53
LH:0
BRDA:28,1,0,0
BRDA:28,1,1,0
BRDA:88,2,0,0
BRDA:88,2,1,0
BRDA:136,3,0,0
BRDA:136,3,1,0
BRDA:149,4,0,0
BRDA:149,4,1,0
BRDA:150,5,0,0
BRDA:150,5,1,0
BRDA:162,6,0,0
BRDA:162,6,1,0
BRDA:176,7,0,0
BRDA:176,7,1,0
BRDA:182,8,0,0
BRDA:182,8,1,0
BRF:16
BRH:0
end_of_record
TN:
SF:/Users/liguanwenhua/hardhat-eth/hardhat-erc20/contracts/OurToken.sol
FN:12,onlyOwner
FN:17,constructor
FNF:2
FNH:0
FNDA:0,onlyOwner
FNDA:0,constructor
DA:13,0
DA:14,0
DA:18,0
LF:3
LH:0
BRDA:13,1,0,0
BRDA:13,1,1,0
BRF:2
BRH:0
end_of_record
TN:
SF:/Users/liguanwenhua/hardhat-eth/hardhat-erc20/contracts/VersusToken.sol
FN:27,OnlyOwner
FN:35,constructor
FN:50,name
FN:58,symbol
FN:66,decimals
FN:73,totalSupply
FN:80,balanceOf
FN:84,mint
FN:93,_mint
FN:105,transfer
FN:113,transferFrom
FN:124,approve
FN:130,allowance
FN:134,increaseAllowance
FN:140,decreaseAllowance
FN:150,_spendAllowance
FN:164,_approve
FN:177,_transfer
FN:200,_beforeTokenTransfer
FN:206,_afterTokenTransfer
FNF:20
FNH:15
FNDA:6,OnlyOwner
FNDA:3,constructor
FNDA:1,name
FNDA:1,symbol
FNDA:0,decimals
FNDA:4,totalSupply
FNDA:5,balanceOf
FNDA:2,mint
FNDA:3,_mint
FNDA:2,transfer
FNDA:0,transferFrom
FNDA:1,approve
FNDA:1,allowance
FNDA:0,increaseAllowance
FNDA:0,decreaseAllowance
FNDA:0,_spendAllowance
FNDA:1,_approve
FNDA:2,_transfer
FNDA:5,_beforeTokenTransfer
FNDA:4,_afterTokenTransfer
DA:28,6
DA:29,5
DA:41,3
DA:42,3
DA:43,3
DA:44,3
DA:51,1
DA:59,1
DA:67,0
DA:74,4
DA:81,5
DA:85,2
DA:86,2
DA:87,2
DA:94,3
DA:95,3
DA:96,3
DA:97,3
DA:98,3
DA:99,3
DA:106,2
DA:107,1
DA:118,0
DA:119,0
DA:120,0
DA:121,0
DA:125,1
DA:126,1
DA:127,1
DA:131,1
DA:135,0
DA:136,0
DA:137,0
DA:141,0
DA:142,0
DA:143,0
DA:144,0
DA:145,0
DA:147,0
DA:155,0
DA:156,0
DA:157,0
DA:158,0
DA:159,0
DA:169,1
DA:170,1
DA:171,1
DA:183,2
DA:186,2
DA:187,2
DA:189,2
DA:190,1
DA:191,1
DA:193,1
DA:195,1
DA:197,1
LF:56
LH:37
BRDA:28,1,0,1
BRDA:28,1,1,5
BRDA:94,2,0,3
BRDA:94,2,1,0
BRDA:143,3,0,0
BRDA:143,3,1,0
BRDA:156,4,0,0
BRDA:156,4,1,0
BRDA:157,5,0,0
BRDA:157,5,1,0
BRDA:169,6,0,0
BRDA:169,6,1,1
BRDA:183,7,0,0
BRDA:183,7,1,2
BRDA:189,8,0,1
BRDA:189,8,1,1
BRF:16
BRH:7
end_of_record
